<?xml version="1.0" encoding="UTF-8"?>
<!-- Generated by org.testng.reporters.JUnitReportReporter -->
<testsuite hostname="KHI-DXD-HUZAIFA" failures="0" tests="1" name="StepDefination.Login" time="12.734" errors="0" timestamp="2023-10-09T21:06:50 PKT" skipped="0">
  <testcase classname="StepDefination.Login" name="TC3_validateInvalidLogin" time="12.734"/>
  <system-out/>
</testsuite> <!-- StepDefination.Login -->
