<?xml version="1.0" encoding="UTF-8"?>
<!-- Generated by org.testng.reporters.JUnitReportReporter -->
<testsuite hostname="KHI-DXD-HUZAIFA" failures="0" tests="2" name="Page.TestRunner" time="20.750" errors="0" timestamp="2023-10-09T21:41:45 PKT" skipped="0">
  <testcase classname="Page.TestRunner" name="TC1_validateLogin" time="14.214"/>
  <system-out/>
  <testcase classname="Page.TestRunner" name="TC2_validateATCAndCheckout" time="6.536"/>
  <system-out/>
</testsuite> <!-- Page.TestRunner -->
